<?xml version="1.0" encoding="UTF-8" ?>
<testsuite tests="53" failures="0" name="com.numberdifference.NumberDifferenceTest" time="0.072" errors="0" skipped="0">
  <properties>
[...]
</properties>
  <testcase classname="com.numberdifference.NumberDifferenceTest" name="testKategori_4" time="0.024"/>
  <testcase classname="com.numberdifference.NumberDifferenceTest" name="testKategori_5" time="0.001"/>
  <testcase classname="com.numberdifference.NumberDifferenceTest" name="testKategori_6" time="0"/>
  <testcase classname="com.numberdifference.NumberDifferenceTest" name="testKategori_7" time="0.022"/>
  <testcase classname="com.numberdifference.NumberDifferenceTest" name="testKategori_8" time="0.001"/>
  <testcase classname="com.numberdifference.NumberDifferenceTest" name="testKategori_9" time="0"/>
  <testcase classname="com.numberdifference.NumberDifferenceTest" name="testKategori_11" time="0"/>
  <testcase classname="com.numberdifference.NumberDifferenceTest" name="testKategori_12" time="0.001"/>
  <testcase classname="com.numberdifference.NumberDifferenceTest" name="testKategori_13" time="0"/>
  <testcase classname="com.numberdifference.NumberDifferenceTest" name="testKategori_14" time="0.001"/>
  <testcase classname="com.numberdifference.NumberDifferenceTest" name="testKategori_15" time="0"/>
  <testcase classname="com.numberdifference.NumberDifferenceTest" name="testKategori_16" time="0.001"/>
  <testcase classname="com.numberdifference.NumberDifferenceTest" name="testKategori_17" time="0.001"/>
  <testcase classname="com.numberdifference.NumberDifferenceTest" name="testKategori_18" time="0"/>
  <testcase classname="com.numberdifference.NumberDifferenceTest" name="testKategori_19" time="0"/>
  <testcase classname="com.numberdifference.NumberDifferenceTest" name="testKategori_3a" time="0.001"/>
  <testcase classname="com.numberdifference.NumberDifferenceTest" name="testKategori_3b" time="0.001"/>
  <testcase classname="com.numberdifference.NumberDifferenceTest" name="testValidasiRange_11" time="0"/>
  <testcase classname="com.numberdifference.NumberDifferenceTest" name="testValidasiRange_12" time="0"/>
  <testcase classname="com.numberdifference.NumberDifferenceTest" name="testValidasiRange_13" time="0"/>
  <testcase classname="com.numberdifference.NumberDifferenceTest" name="testValidasiRange_14" time="0"/>
  <testcase classname="com.numberdifference.NumberDifferenceTest" name="testValidasiRange_15" time="0.001"/>
  <testcase classname="com.numberdifference.NumberDifferenceTest" name="testValidasiRange_16" time="0"/>
  <testcase classname="com.numberdifference.NumberDifferenceTest" name="testValidasiRange_17" time="0"/>
  <testcase classname="com.numberdifference.NumberDifferenceTest" name="testValidasiRange_18" time="0"/>
  <testcase classname="com.numberdifference.NumberDifferenceTest" name="testValidasiRange_19" time="0.001"/>
  <testcase classname="com.numberdifference.NumberDifferenceTest" name="testValidasiRange_3a" time="0"/>
  <testcase classname="com.numberdifference.NumberDifferenceTest" name="testValidasiRange_3b" time="0"/>
  <testcase classname="com.numberdifference.NumberDifferenceTest" name="testValidasiRange_1" time="0"/>
  <testcase classname="com.numberdifference.NumberDifferenceTest" name="testValidasiRange_4" time="0"/>
  <testcase classname="com.numberdifference.NumberDifferenceTest" name="testValidasiRange_5" time="0.001"/>
  <testcase classname="com.numberdifference.NumberDifferenceTest" name="testValidasiRange_6" time="0"/>
  <testcase classname="com.numberdifference.NumberDifferenceTest" name="testValidasiRange_7" time="0"/>
  <testcase classname="com.numberdifference.NumberDifferenceTest" name="testValidasiRange_8" time="0"/>
  <testcase classname="com.numberdifference.NumberDifferenceTest" name="testValidasiRange_9" time="0"/>
  <testcase classname="com.numberdifference.NumberDifferenceTest" name="testDiff_11" time="0.001"/>
  <testcase classname="com.numberdifference.NumberDifferenceTest" name="testDiff_12" time="0"/>
  <testcase classname="com.numberdifference.NumberDifferenceTest" name="testDiff_13" time="0"/>
  <testcase classname="com.numberdifference.NumberDifferenceTest" name="testDiff_14" time="0.001"/>
  <testcase classname="com.numberdifference.NumberDifferenceTest" name="testDiff_15" time="0"/>
  <testcase classname="com.numberdifference.NumberDifferenceTest" name="testDiff_16" time="0"/>
  <testcase classname="com.numberdifference.NumberDifferenceTest" name="testDiff_17" time="0.001"/>
  <testcase classname="com.numberdifference.NumberDifferenceTest" name="testDiff_18" time="0"/>
  <testcase classname="com.numberdifference.NumberDifferenceTest" name="testDiff_19" time="0"/>
  <testcase classname="com.numberdifference.NumberDifferenceTest" name="testDiff_3a" time="0"/>
  <testcase classname="com.numberdifference.NumberDifferenceTest" name="testDiff_3b" time="0"/>
  <testcase classname="com.numberdifference.NumberDifferenceTest" name="testDiff_4" time="0.001"/>
  <testcase classname="com.numberdifference.NumberDifferenceTest" name="testDiff_5" time="0"/>
  <testcase classname="com.numberdifference.NumberDifferenceTest" name="testDiff_6" time="0.001"/>
  <testcase classname="com.numberdifference.NumberDifferenceTest" name="testDiff_7" time="0.001"/>
  <testcase classname="com.numberdifference.NumberDifferenceTest" name="testDiff_8" time="0"/>
  <testcase classname="com.numberdifference.NumberDifferenceTest" name="testDiff_9" time="0"/>
  <testcase classname="com.numberdifference.NumberDifferenceTest" name="testFlow_1" time="0.009"/>
</testsuite>